<?xml version="1.0" encoding="UTF-8"?>
<coverage generated="1776330217822" clover="3.2.0">
  <project timestamp="1776330217822" name="All files">
    <metrics statements="11" coveredstatements="11" conditionals="12" coveredconditionals="12" methods="8" coveredmethods="8" elements="31" coveredelements="31" complexity="0" loc="11" ncloc="11" packages="4" files="4" classes="4"/>
    <package name="Carousel">
      <metrics statements="5" coveredstatements="5" conditionals="6" coveredconditionals="6" methods="3" coveredmethods="3"/>
      <file name="Carousel.jsx" path="C:\Users\EstherBeaudouin\Desktop\Ecole\P8_kasa\front\src\components\Carousel\Carousel.jsx">
        <metrics statements="5" coveredstatements="5" conditionals="6" coveredconditionals="6" methods="3" coveredmethods="3"/>
        <line num="5" count="7" type="stmt"/>
        <line num="7" count="7" type="cond" truecount="4" falsecount="0"/>
        <line num="9" count="6" type="stmt"/>
        <line num="10" count="6" type="stmt"/>
        <line num="12" count="6" type="stmt"/>
      </file>
    </package>
    <package name="Deroulant">
      <metrics statements="4" coveredstatements="4" conditionals="6" coveredconditionals="6" methods="3" coveredmethods="3"/>
      <file name="Deroulant.jsx" path="C:\Users\EstherBeaudouin\Desktop\Ecole\P8_kasa\front\src\components\Deroulant\Deroulant.jsx">
        <metrics statements="4" coveredstatements="4" conditionals="6" coveredconditionals="6" methods="3" coveredmethods="3"/>
        <line num="6" count="9" type="stmt"/>
        <line num="8" count="9" type="stmt"/>
        <line num="12" count="4" type="stmt"/>
        <line num="34" count="2" type="stmt"/>
      </file>
    </package>
    <package name="banner">
      <metrics statements="1" coveredstatements="1" conditionals="0" coveredconditionals="0" methods="1" coveredmethods="1"/>
      <file name="Banner.jsx" path="C:\Users\EstherBeaudouin\Desktop\Ecole\P8_kasa\front\src\components\banner\Banner.jsx">
        <metrics statements="1" coveredstatements="1" conditionals="0" coveredconditionals="0" methods="1" coveredmethods="1"/>
        <line num="5" count="6" type="stmt"/>
      </file>
    </package>
    <package name="card">
      <metrics statements="1" coveredstatements="1" conditionals="0" coveredconditionals="0" methods="1" coveredmethods="1"/>
      <file name="Cardlocation.jsx" path="C:\Users\EstherBeaudouin\Desktop\Ecole\P8_kasa\front\src\components\card\Cardlocation.jsx">
        <metrics statements="1" coveredstatements="1" conditionals="0" coveredconditionals="0" methods="1" coveredmethods="1"/>
        <line num="6" count="4" type="stmt"/>
      </file>
    </package>
  </project>
</coverage>
