{"C:\\Users\\EstherBeaudouin\\Desktop\\Ecole\\P8_kasa\\front\\src\\components\\Carousel\\Carousel.jsx": {"path":"C:\\Users\\EstherBeaudouin\\Desktop\\Ecole\\P8_kasa\\front\\src\\components\\Carousel\\Carousel.jsx","statementMap":{"0":{"start":{"line":5,"column":28},"end":{"line":5,"column":39}},"1":{"start":{"line":7,"column":2},"end":{"line":7,"column":54}},"2":{"start":{"line":7,"column":42},"end":{"line":7,"column":54}},"3":{"start":{"line":9,"column":20},"end":{"line":9,"column":83}},"4":{"start":{"line":9,"column":26},"end":{"line":9,"column":83}},"5":{"start":{"line":10,"column":18},"end":{"line":10,"column":63}},"6":{"start":{"line":10,"column":24},"end":{"line":10,"column":63}},"7":{"start":{"line":12,"column":2},"end":{"line":34,"column":4}}},"fnMap":{"0":{"name":"Carousel","decl":{"start":{"line":4,"column":9},"end":{"line":4,"column":17}},"loc":{"start":{"line":4,"column":32},"end":{"line":35,"column":1}},"line":4},"1":{"name":"(anonymous_1)","decl":{"start":{"line":9,"column":20},"end":{"line":9,"column":21}},"loc":{"start":{"line":9,"column":26},"end":{"line":9,"column":83}},"line":9},"2":{"name":"(anonymous_2)","decl":{"start":{"line":10,"column":18},"end":{"line":10,"column":19}},"loc":{"start":{"line":10,"column":24},"end":{"line":10,"column":63}},"line":10}},"branchMap":{"0":{"loc":{"start":{"line":7,"column":2},"end":{"line":7,"column":54}},"type":"if","locations":[{"start":{"line":7,"column":2},"end":{"line":7,"column":54}},{"start":{},"end":{}}],"line":7},"1":{"loc":{"start":{"line":7,"column":6},"end":{"line":7,"column":40}},"type":"binary-expr","locations":[{"start":{"line":7,"column":6},"end":{"line":7,"column":15}},{"start":{"line":7,"column":19},"end":{"line":7,"column":40}}],"line":7},"2":{"loc":{"start":{"line":20,"column":7},"end":{"line":32,"column":7}},"type":"binary-expr","locations":[{"start":{"line":20,"column":7},"end":{"line":20,"column":26}},{"start":{"line":21,"column":8},"end":{"line":31,"column":25}}],"line":20}},"s":{"0":7,"1":7,"2":1,"3":6,"4":1,"5":6,"6":1,"7":6},"f":{"0":7,"1":1,"2":1},"b":{"0":[1,6],"1":[7,7],"2":[6,6]},"_coverageSchema":"1a1c01bbd47fc00a2c39e90264f33305004495a9","hash":"2ac6b4640b2b28479468a7efca2406e5fe24c0cb"}
,"C:\\Users\\EstherBeaudouin\\Desktop\\Ecole\\P8_kasa\\front\\src\\components\\Deroulant\\Deroulant.jsx": {"path":"C:\\Users\\EstherBeaudouin\\Desktop\\Ecole\\P8_kasa\\front\\src\\components\\Deroulant\\Deroulant.jsx","statementMap":{"0":{"start":{"line":6,"column":38},"end":{"line":6,"column":53}},"1":{"start":{"line":8,"column":4},"end":{"line":44,"column":6}},"2":{"start":{"line":12,"column":31},"end":{"line":12,"column":55}},"3":{"start":{"line":34,"column":36},"end":{"line":34,"column":79}}},"fnMap":{"0":{"name":"Deroulant","decl":{"start":{"line":5,"column":9},"end":{"line":5,"column":18}},"loc":{"start":{"line":5,"column":39},"end":{"line":45,"column":1}},"line":5},"1":{"name":"(anonymous_1)","decl":{"start":{"line":12,"column":25},"end":{"line":12,"column":26}},"loc":{"start":{"line":12,"column":31},"end":{"line":12,"column":55}},"line":12},"2":{"name":"(anonymous_2)","decl":{"start":{"line":33,"column":45},"end":{"line":33,"column":46}},"loc":{"start":{"line":34,"column":36},"end":{"line":34,"column":79}},"line":34}},"branchMap":{"0":{"loc":{"start":{"line":16,"column":55},"end":{"line":16,"column":100}},"type":"cond-expr","locations":[{"start":{"line":16,"column":67},"end":{"line":16,"column":95}},{"start":{"line":16,"column":98},"end":{"line":16,"column":100}}],"line":16},"1":{"loc":{"start":{"line":20,"column":17},"end":{"line":41,"column":17}},"type":"binary-expr","locations":[{"start":{"line":20,"column":17},"end":{"line":20,"column":26}},{"start":{"line":21,"column":20},"end":{"line":40,"column":33}}],"line":20},"2":{"loc":{"start":{"line":31,"column":25},"end":{"line":39,"column":25}},"type":"cond-expr","locations":[{"start":{"line":32,"column":28},"end":{"line":36,"column":33}},{"start":{"line":38,"column":28},"end":{"line":38,"column":44}}],"line":31}},"s":{"0":9,"1":9,"2":4,"3":2},"f":{"0":9,"1":4,"2":2},"b":{"0":[3,6],"1":[9,3],"2":[1,2]},"_coverageSchema":"1a1c01bbd47fc00a2c39e90264f33305004495a9","hash":"fdfa51a6e965f291cff338cacefdb782f4502ad9"}
,"C:\\Users\\EstherBeaudouin\\Desktop\\Ecole\\P8_kasa\\front\\src\\components\\banner\\Banner.jsx": {"path":"C:\\Users\\EstherBeaudouin\\Desktop\\Ecole\\P8_kasa\\front\\src\\components\\banner\\Banner.jsx","statementMap":{"0":{"start":{"line":5,"column":2},"end":{"line":12,"column":4}}},"fnMap":{"0":{"name":"Banner","decl":{"start":{"line":4,"column":9},"end":{"line":4,"column":15}},"loc":{"start":{"line":4,"column":36},"end":{"line":13,"column":1}},"line":4}},"branchMap":{},"s":{"0":6},"f":{"0":6},"b":{},"_coverageSchema":"1a1c01bbd47fc00a2c39e90264f33305004495a9","hash":"7452c1a3d4a4f34a4a6f3df7071de049c7e4cb32"}
,"C:\\Users\\EstherBeaudouin\\Desktop\\Ecole\\P8_kasa\\front\\src\\components\\card\\Cardlocation.jsx": {"path":"C:\\Users\\EstherBeaudouin\\Desktop\\Ecole\\P8_kasa\\front\\src\\components\\card\\Cardlocation.jsx","statementMap":{"0":{"start":{"line":6,"column":2},"end":{"line":15,"column":4}}},"fnMap":{"0":{"name":"CardLocation","decl":{"start":{"line":5,"column":9},"end":{"line":5,"column":21}},"loc":{"start":{"line":5,"column":44},"end":{"line":16,"column":1}},"line":5}},"branchMap":{},"s":{"0":4},"f":{"0":4},"b":{},"_coverageSchema":"1a1c01bbd47fc00a2c39e90264f33305004495a9","hash":"2ee7da74b20f9741f91a39ad2c4869c70fc20b55"}
}
