TN:
SF:front\src\components\Carousel\Carousel.jsx
FN:4,Carousel
FN:9,(anonymous_1)
FN:10,(anonymous_2)
FNF:3
FNH:3
FNDA:7,Carousel
FNDA:1,(anonymous_1)
FNDA:1,(anonymous_2)
DA:5,7
DA:7,7
DA:9,6
DA:10,6
DA:12,6
LF:5
LH:5
BRDA:7,0,0,1
BRDA:7,0,1,6
BRDA:7,1,0,7
BRDA:7,1,1,7
BRDA:20,2,0,6
BRDA:20,2,1,6
BRF:6
BRH:6
end_of_record
TN:
SF:front\src\components\Deroulant\Deroulant.jsx
FN:5,Deroulant
FN:12,(anonymous_1)
FN:33,(anonymous_2)
FNF:3
FNH:3
FNDA:9,Deroulant
FNDA:4,(anonymous_1)
FNDA:2,(anonymous_2)
DA:6,9
DA:8,9
DA:12,4
DA:34,2
LF:4
LH:4
BRDA:16,0,0,3
BRDA:16,0,1,6
BRDA:20,1,0,9
BRDA:20,1,1,3
BRDA:31,2,0,1
BRDA:31,2,1,2
BRF:6
BRH:6
end_of_record
TN:
SF:front\src\components\banner\Banner.jsx
FN:4,Banner
FNF:1
FNH:1
FNDA:6,Banner
DA:5,6
LF:1
LH:1
BRF:0
BRH:0
end_of_record
TN:
SF:front\src\components\card\Cardlocation.jsx
FN:5,CardLocation
FNF:1
FNH:1
FNDA:4,CardLocation
DA:6,4
LF:1
LH:1
BRF:0
BRH:0
end_of_record
